\BOOKMARK [1][-]{section.1}{\376\377\000O\000b\000j\000e\000c\000t\000i\000v\000e}{}% 1
\BOOKMARK [1][-]{section.2}{\376\377\000T\000h\000e\000o\000r\000y}{}% 2
\BOOKMARK [2][-]{subsection.2.1}{\376\377\000T\000r\000a\000n\000s\000f\000e\000r\000\040\000F\000u\000n\000c\000t\000i\000o\000n\000\040\000H\000\050\000s\000\051}{section.2}% 3
\BOOKMARK [2][-]{subsection.2.2}{\376\377\000B\000o\000d\000e\000\040\000P\000l\000o\000t\000\040\000A\000n\000a\000l\000y\000s\000i\000s}{section.2}% 4
\BOOKMARK [1][-]{section.3}{\376\377\000E\000x\000p\000e\000r\000i\000m\000e\000n\000t\000a\000l\000\040\000S\000e\000t\000u\000p}{}% 5
\BOOKMARK [2][-]{subsection.3.1}{\376\377\000M\000a\000t\000e\000r\000i\000a\000l\000s\000\040\000R\000e\000q\000u\000i\000r\000e\000d}{section.3}% 6
\BOOKMARK [2][-]{subsection.3.2}{\376\377\000P\000r\000o\000c\000e\000d\000u\000r\000e}{section.3}% 7
\BOOKMARK [1][-]{section.4}{\376\377\000R\000e\000s\000u\000l\000t\000s\000\040\000a\000n\000d\000\040\000D\000i\000s\000c\000u\000s\000s\000i\000o\000n}{}% 8
\BOOKMARK [2][-]{subsection.4.1}{\376\377\000C\000a\000s\000e\000\040\0001\000:\000\040\000S\000i\000n\000g\000l\000e\000\040\000R\000C\000\040\000C\000i\000r\000c\000u\000i\000t}{section.4}% 9
\BOOKMARK [3][-]{subsubsection.4.1.1}{\376\377\000C\000i\000r\000c\000u\000i\000t\000\040\000D\000i\000a\000g\000r\000a\000m}{subsection.4.1}% 10
\BOOKMARK [3][-]{subsubsection.4.1.2}{\376\377\000T\000r\000a\000n\000s\000f\000e\000r\000\040\000F\000u\000n\000c\000t\000i\000o\000n}{subsection.4.1}% 11
\BOOKMARK [2][-]{subsection.4.2}{\376\377\000O\000s\000c\000i\000l\000l\000o\000s\000c\000o\000p\000e\000-\000\040\000P\000r\000a\000c\000t\000i\000c\000a\000l\000l\000y\000\040\000m\000e\000a\000s\000u\000r\000e\000d\000\040\000V\000P\000P}{section.4}% 12
\BOOKMARK [3][-]{subsubsection.4.2.1}{\376\377\000w\000\040\000=\000\040\0001\0000}{subsection.4.2}% 13
\BOOKMARK [3][-]{subsubsection.4.2.2}{\376\377\000w\000\040\000=\000\040\0001\0000\0000}{subsection.4.2}% 14
\BOOKMARK [3][-]{subsubsection.4.2.3}{\376\377\000w\000\040\000=\000\040\0001\0000\0000\0000}{subsection.4.2}% 15
\BOOKMARK [2][-]{subsection.4.3}{\376\377\000T\000h\000e\000o\000r\000e\000t\000i\000c\000a\000l\000\040\000v\000a\000l\000u\000e\000s}{section.4}% 16
\BOOKMARK [2][-]{subsection.4.4}{\376\377\000M\000a\000g\000n\000i\000t\000u\000d\000e\000\040\000B\000o\000d\000e\000\040\000P\000l\000o\000t}{section.4}% 17
\BOOKMARK [2][-]{subsection.4.5}{\376\377\000P\000h\000a\000s\000e\000\040\000B\000o\000d\000e\000\040\000P\000l\000o\000t}{section.4}% 18
\BOOKMARK [2][-]{subsection.4.6}{\376\377\000C\000a\000s\000e\000\040\0002\000:\000\040\000C\000a\000s\000c\000a\000d\000e\000d\000\040\000R\000C\000\040\000C\000i\000r\000c\000u\000i\000t}{section.4}% 19
\BOOKMARK [3][-]{subsubsection.4.6.1}{\376\377\000T\000r\000a\000n\000s\000f\000e\000r\000\040\000F\000u\000n\000c\000t\000i\000o\000n}{subsection.4.6}% 20
\BOOKMARK [2][-]{subsection.4.7}{\376\377\000O\000s\000c\000i\000l\000l\000o\000s\000c\000o\000p\000e\000-\000\040\000P\000r\000a\000c\000t\000i\000c\000a\000l\000l\000y\000\040\000m\000e\000a\000s\000u\000r\000e\000d\000\040\000V\000P\000P}{section.4}% 21
\BOOKMARK [3][-]{subsubsection.4.7.1}{\376\377\000w\000\040\000=\000\040\0001\0000}{subsection.4.7}% 22
\BOOKMARK [3][-]{subsubsection.4.7.2}{\376\377\000w\000\040\000=\000\040\0001\0000\0000}{subsection.4.7}% 23
\BOOKMARK [3][-]{subsubsection.4.7.3}{\376\377\000w\000\040\000=\000\040\0001\0000\0000\0000}{subsection.4.7}% 24
\BOOKMARK [2][-]{subsection.4.8}{\376\377\000T\000h\000e\000o\000r\000e\000t\000i\000c\000a\000l\000\040\000v\000a\000l\000u\000e\000s}{section.4}% 25
\BOOKMARK [2][-]{subsection.4.9}{\376\377\000M\000a\000g\000n\000i\000t\000u\000d\000e\000\040\000B\000o\000d\000e\000\040\000P\000l\000o\000t}{section.4}% 26
\BOOKMARK [2][-]{subsection.4.10}{\376\377\000P\000h\000a\000s\000e\000\040\000B\000o\000d\000e\000\040\000P\000l\000o\000t}{section.4}% 27
\BOOKMARK [2][-]{subsection.4.11}{\376\377\000C\000a\000s\000e\000\040\0003\000:\000\040\000T\000w\000i\000c\000e\000-\000C\000a\000s\000c\000a\000d\000e\000d\000\040\000R\000C\000\040\000C\000i\000r\000c\000u\000i\000t}{section.4}% 28
\BOOKMARK [3][-]{subsubsection.4.11.1}{\376\377\000C\000i\000r\000c\000u\000i\000t\000\040\000D\000i\000a\000g\000r\000a\000m}{subsection.4.11}% 29
\BOOKMARK [3][-]{subsubsection.4.11.2}{\376\377\000T\000r\000a\000n\000s\000f\000e\000r\000\040\000F\000u\000n\000c\000t\000i\000o\000n}{subsection.4.11}% 30
\BOOKMARK [2][-]{subsection.4.12}{\376\377\000O\000s\000c\000i\000l\000l\000o\000s\000c\000o\000p\000e\000\040\000-\000\040\000P\000r\000a\000c\000t\000i\000c\000a\000l\000l\000y\000\040\000M\000e\000a\000s\000u\000r\000e\000d\000\040\000V\000P\000P\000'\000s}{section.4}% 31
\BOOKMARK [3][-]{subsubsection.4.12.1}{\376\377\000w\000\040\000=\000\040\0001\0000}{subsection.4.12}% 32
\BOOKMARK [3][-]{subsubsection.4.12.2}{\376\377\000w\000\040\000=\000\040\0001\0000\0000}{subsection.4.12}% 33
\BOOKMARK [3][-]{subsubsection.4.12.3}{\376\377\000w\000\040\000=\000\040\0001\0000\0000\0000}{subsection.4.12}% 34
\BOOKMARK [2][-]{subsection.4.13}{\376\377\000T\000h\000e\000o\000r\000e\000t\000i\000c\000a\000l\000\040\000v\000a\000l\000u\000e\000s}{section.4}% 35
\BOOKMARK [2][-]{subsection.4.14}{\376\377\000M\000a\000g\000n\000i\000t\000u\000d\000e\000\040\000B\000o\000d\000e\000\040\000P\000l\000o\000t}{section.4}% 36
\BOOKMARK [2][-]{subsection.4.15}{\376\377\000P\000h\000a\000s\000e\000\040\000B\000o\000d\000e\000\040\000P\000l\000o\000t}{section.4}% 37
\BOOKMARK [1][-]{section.5}{\376\377\000C\000o\000n\000c\000l\000u\000s\000i\000o\000n}{}% 38
